[LOG] System::create                           : Header version = 2.02.15. Current version = 2.02.15.
[LOG] Manager::init                            : maxchannels = 256 studioflags = 00000006 flags 00000000 extradriverdata 0000000000000000.
[LOG] SystemI::init                            : Initialize version=20215 (134211), maxchannels=256, flags=0x00020000
[LOG] SystemI::setOutputInternal               : Setting output to 'FMOD WASAPI Output'
[LOG] OutputWASAPI::init                       : Mix Format (WAVEFORMATEX): wFormatTag=0xFFFE, nChannels=2, nSamplesPerSec=48000, nAvgBytesPerSec=384000, nBlockAlign=8, wBitsPerSample=32, cbSize=22.
[LOG] OutputWASAPI::init                       : Mix Format (WAVEFORMATEXTENSIBLE): wValidBitsPerSample=32, dwChannelMask=0x00000003, SubFormat=00000003-0000-0010-8000-00AA00389B71.
[LOG] OutputWASAPI::init                       : Output buffer size: 4096 samples, latency: 0.00ms, period: 10.67ms, DSP buffer: 1024 * 4
[LOG] Thread::initThread                       : Init FMOD stream thread. Affinity: 0x4000000000000003, Priority: 0xFFFF7FFB, Stack Size: 98304, Semaphore: No, Sleep Time: 10, Looping: Yes.
[LOG] Thread::initThread                       : Init FMOD mixer thread. Affinity: 0x4000000000000001, Priority: 0xFFFF7FFA, Stack Size: 81920, Semaphore: No, Sleep Time: 0, Looping: Yes.
[LOG] AsyncManager::init                       : manager 0000014397854AB8 isAsync 0 updatePeriod 0.02
[LOG] AsyncManager::init                       : done
[LOG] PlaybackSystem::init                     : 
[LOG] Thread::initThread                       : Init FMOD Studio sample load thread. Affinity: 0x4000000000000003, Priority: 0xFFFF7FFD, Stack Size: 98304, Semaphore: No, Sleep Time: 1, Looping: No.
[LOG] PlaybackSystem::init                     : done
[LOG] Thread::initThread                       : Init FMOD Studio bank load thread. Affinity: 0x4000000000000003, Priority: 0xFFFF7FFD, Stack Size: 98304, Semaphore: No, Sleep Time: 1, Looping: No.
[LOG] Manager::init                            : done.
[ERR] RuntimeBankModel::openFile               : Failed to open file '../FMOD/BIC/Build/Desktop/Master.strings.bank'
[ERR] RuntimeBankModel::openFile               : Failed to open file '../FMOD/BIC/Build/Desktop/Master.bank'
[ERR] RuntimeBankModel::openFile               : Failed to open file '../FMOD/BIC/Build/Desktop/MUSIC.bank'
[ERR] RuntimeBankModel::openFile               : Failed to open file '../FMOD/BIC/Build/Desktop/SFX.bank'
[ERR] RuntimeBankModel::openFile               : Failed to open file '../FMOD/BIC/Build/Desktop/Master.strings.bank'
[ERR] RuntimeBankModel::openFile               : Failed to open file '../FMOD/BIC/Build/Desktop/Master.bank'
[ERR] RuntimeBankModel::openFile               : Failed to open file '../FMOD/BIC/Build/Desktop/MUSIC.bank'
[ERR] RuntimeBankModel::openFile               : Failed to open file '../FMOD/BIC/Build/Desktop/SFX.bank'
[WRN] ObjectLookup::get                        : Lookup failed for EventModel: {69b27330-68f0-4d47-bf9d-9bc8dfc26a65}
[WRN] ObjectLookup::get                        : Lookup failed for EventModel: {69b27330-68f0-4d47-bf9d-9bc8dfc26a65}
[WRN] ObjectLookup::get                        : Lookup failed for EventModel: {69b27330-68f0-4d47-bf9d-9bc8dfc26a65}
[WRN] ObjectLookup::get                        : Lookup failed for EventModel: {69b27330-68f0-4d47-bf9d-9bc8dfc26a65}
[WRN] ObjectLookup::get                        : Lookup failed for EventModel: {e99fd57d-2c50-4c16-ba4c-c04ccf7bf573}
[WRN] ObjectLookup::get                        : Lookup failed for EventModel: {7365427d-6009-4a91-a482-c0373e008f3f}
[ERR] RuntimeBankModel::openFile               : Failed to open file '../FMOD/BIC/Build/Desktop/Master.strings.bank'
[ERR] RuntimeBankModel::openFile               : Failed to open file '../FMOD/BIC/Build/Desktop/Master.bank'
[ERR] RuntimeBankModel::openFile               : Failed to open file '../FMOD/BIC/Build/Desktop/MUSIC.bank'
[ERR] RuntimeBankModel::openFile               : Failed to open file '../FMOD/BIC/Build/Desktop/SFX.bank'
[WRN] ObjectLookup::get                        : Lookup failed for EventModel: {69b27330-68f0-4d47-bf9d-9bc8dfc26a65}
[WRN] ObjectLookup::get                        : Lookup failed for EventModel: {69b27330-68f0-4d47-bf9d-9bc8dfc26a65}
[WRN] ObjectLookup::get                        : Lookup failed for EventModel: {69b27330-68f0-4d47-bf9d-9bc8dfc26a65}
[WRN] ObjectLookup::get                        : Lookup failed for EventModel: {b0913e69-23da-4763-90e2-78d71610f6f2}
[WRN] ObjectLookup::get                        : Lookup failed for EventModel: {b0913e69-23da-4763-90e2-78d71610f6f2}
[WRN] ObjectLookup::get                        : Lookup failed for EventModel: {b0913e69-23da-4763-90e2-78d71610f6f2}
[WRN] ObjectLookup::get                        : Lookup failed for EventModel: {69b27330-68f0-4d47-bf9d-9bc8dfc26a65}
[WRN] ObjectLookup::get                        : Lookup failed for EventModel: {69b27330-68f0-4d47-bf9d-9bc8dfc26a65}
[ERR] RuntimeBankModel::openFile               : Failed to open file '../FMOD/BIC/Build/Desktop/Master.strings.bank'
[ERR] RuntimeBankModel::openFile               : Failed to open file '../FMOD/BIC/Build/Desktop/Master.bank'
[ERR] RuntimeBankModel::openFile               : Failed to open file '../FMOD/BIC/Build/Desktop/MUSIC.bank'
[ERR] RuntimeBankModel::openFile               : Failed to open file '../FMOD/BIC/Build/Desktop/SFX.bank'
[WRN] ObjectLookup::get                        : Lookup failed for EventModel: {69b27330-68f0-4d47-bf9d-9bc8dfc26a65}
[ERR] RuntimeBankModel::openFile               : Failed to open file '../FMOD/BIC/Build/Desktop/Master.strings.bank'
[ERR] RuntimeBankModel::openFile               : Failed to open file '../FMOD/BIC/Build/Desktop/Master.bank'
[ERR] RuntimeBankModel::openFile               : Failed to open file '../FMOD/BIC/Build/Desktop/MUSIC.bank'
[ERR] RuntimeBankModel::openFile               : Failed to open file '../FMOD/BIC/Build/Desktop/SFX.bank'
[WRN] ObjectLookup::get                        : Lookup failed for EventModel: {69b27330-68f0-4d47-bf9d-9bc8dfc26a65}
[ERR] RuntimeBankModel::openFile               : Failed to open file '../FMOD/BIC/Build/Desktop/Master.strings.bank'
[ERR] RuntimeBankModel::openFile               : Failed to open file '../FMOD/BIC/Build/Desktop/Master.bank'
[ERR] RuntimeBankModel::openFile               : Failed to open file '../FMOD/BIC/Build/Desktop/MUSIC.bank'
[ERR] RuntimeBankModel::openFile               : Failed to open file '../FMOD/BIC/Build/Desktop/SFX.bank'
[WRN] ObjectLookup::get                        : Lookup failed for EventModel: {69b27330-68f0-4d47-bf9d-9bc8dfc26a65}
[WRN] ObjectLookup::get                        : Lookup failed for EventModel: {69b27330-68f0-4d47-bf9d-9bc8dfc26a65}
[WRN] ObjectLookup::get                        : Lookup failed for EventModel: {b0913e69-23da-4763-90e2-78d71610f6f2}
[ERR] RuntimeBankModel::openFile               : Failed to open file '../FMOD/BIC/Build/Desktop/Master.strings.bank'
[ERR] RuntimeBankModel::openFile               : Failed to open file '../FMOD/BIC/Build/Desktop/Master.bank'
[ERR] RuntimeBankModel::openFile               : Failed to open file '../FMOD/BIC/Build/Desktop/MUSIC.bank'
[ERR] RuntimeBankModel::openFile               : Failed to open file '../FMOD/BIC/Build/Desktop/SFX.bank'
[WRN] ObjectLookup::get                        : Lookup failed for EventModel: {69b27330-68f0-4d47-bf9d-9bc8dfc26a65}
[WRN] ObjectLookup::get                        : Lookup failed for EventModel: {69b27330-68f0-4d47-bf9d-9bc8dfc26a65}
[WRN] ObjectLookup::get                        : Lookup failed for EventModel: {69b27330-68f0-4d47-bf9d-9bc8dfc26a65}
[LOG] Manager::readBank                        : fileversion = 142, compatVersion = 140 (oldest = 44, newest = 142)
[LOG] Manager::readBank                        : fileversion = 142, compatVersion = 140 (oldest = 44, newest = 142)
[LOG] PlaybackSystem::acquireMasterBus         : Setting master channel group format to 6
[LOG] Manager::readBank                        : fileversion = 142, compatVersion = 140 (oldest = 44, newest = 142)
[LOG] Manager::readBank                        : fileversion = 142, compatVersion = 140 (oldest = 44, newest = 142)
[LOG] SystemI::createSoundInternal             : Create name='', mode=0x02000202
[LOG] SystemI::createSoundInternal             : exinfo->cbsize             = 224
[LOG] SystemI::createSoundInternal             : exinfo->length             = 144256
[LOG] SystemI::createSoundInternal             : exinfo->fileoffset         = 12928
[LOG] SystemI::createSoundInternal             : exinfo->numsubsounds       = 1
[LOG] SystemI::createSoundInternal             : exinfo->inclusionlist      = 000000071D96F568
[LOG] SystemI::createSoundInternal             : exinfo->inclusionlistnum   = 1
[LOG] SystemI::createSoundInternal             : exinfo->suggestedsoundtype = 5
[LOG] SystemI::createSoundInternal             : exinfo->useropen           = 00007FFF27F13CA0
[LOG] SystemI::createSoundInternal             : exinfo->userclose          = 00007FFF27F13C60
[LOG] SystemI::createSoundInternal             : exinfo->userread           = 00007FFF27F13D80
[LOG] SystemI::createSoundInternal             : exinfo->userseek           = 00007FFF27F13E40
[LOG] SystemI::createSoundInternal             : exinfo->fileuserdata       = 0000014298024B48
[LOG] SystemI::createSoundInternal             : exinfo->initialseekpostype = 1
[LOG] SystemI::DSPCodecPoolRegister            : register codec pool for pool type 5
[LOG] SystemI::createSoundInternal             : Sample 0/1: name='SFX_Player_CollectChick', format=5, channels=2, frequency=48000, lengthbytes=2848, lengthpcm=10850, pcmblocksize=0, loopstart=0, loopend=0, mode=0x00000000, channelmask=0x00000000, channelorder=0, peakvolume=0.653973.
[LOG] SoundI::release                          :  (000001439A7984B8)
[LOG] SoundI::release                          :     SFX_Player_CollectChick (0000014295FC7978)
